running develop
running egg_info
creating arm1.egg-info
writing arm1.egg-info/PKG-INFO
writing dependency_links to arm1.egg-info/dependency_links.txt
writing entry points to arm1.egg-info/entry_points.txt
writing requirements to arm1.egg-info/requires.txt
writing top-level names to arm1.egg-info/top_level.txt
writing manifest file 'arm1.egg-info/SOURCES.txt'
reading manifest file 'arm1.egg-info/SOURCES.txt'
writing manifest file 'arm1.egg-info/SOURCES.txt'
running build_ext
Creating /home/sx/week04/learnarm_ws/install/arm1/lib/python3.12/site-packages/arm1.egg-link (link to .)
Installing joint_control script to /home/sx/week04/learnarm_ws/install/arm1/lib/arm1
Installing test_arm_action script to /home/sx/week04/learnarm_ws/install/arm1/lib/arm1
Installing test_arm_hand script to /home/sx/week04/learnarm_ws/install/arm1/lib/arm1
Installing test_arm_publisher script to /home/sx/week04/learnarm_ws/install/arm1/lib/arm1

Installed /home/sx/week04/learnarm_ws/build/arm1
running symlink_data
creating /home/sx/week04/learnarm_ws/install/arm1/share/ament_index
creating /home/sx/week04/learnarm_ws/install/arm1/share/ament_index/resource_index
creating /home/sx/week04/learnarm_ws/install/arm1/share/ament_index/resource_index/packages
symbolically linking /home/sx/week04/learnarm_ws/build/arm1/resource/arm1 -> /home/sx/week04/learnarm_ws/install/arm1/share/ament_index/resource_index/packages
symbolically linking /home/sx/week04/learnarm_ws/build/arm1/package.xml -> /home/sx/week04/learnarm_ws/install/arm1/share/arm1
creating /home/sx/week04/learnarm_ws/install/arm1/share/arm1/urdf
symbolically linking /home/sx/week04/learnarm_ws/build/arm1/urdf/rivz.rviz -> /home/sx/week04/learnarm_ws/install/arm1/share/arm1/urdf
symbolically linking /home/sx/week04/learnarm_ws/build/arm1/urdf/robot.urdf -> /home/sx/week04/learnarm_ws/install/arm1/share/arm1/urdf
symbolically linking /home/sx/week04/learnarm_ws/build/arm1/urdf/robot_arm.urdf -> /home/sx/week04/learnarm_ws/install/arm1/share/arm1/urdf
symbolically linking /home/sx/week04/learnarm_ws/build/arm1/urdf/robot_arm_ros2_controller.urdf -> /home/sx/week04/learnarm_ws/install/arm1/share/arm1/urdf
creating /home/sx/week04/learnarm_ws/install/arm1/share/arm1/launch
symbolically linking /home/sx/week04/learnarm_ws/build/arm1/launch/robot_arm_hand_ros2_control_launch.py -> /home/sx/week04/learnarm_ws/install/arm1/share/arm1/launch
symbolically linking /home/sx/week04/learnarm_ws/build/arm1/launch/robot_arm_action_ros2_control_launch.py -> /home/sx/week04/learnarm_ws/install/arm1/share/arm1/launch
symbolically linking /home/sx/week04/learnarm_ws/build/arm1/launch/robot_arm_publisher_ros2_control_launch.py -> /home/sx/week04/learnarm_ws/install/arm1/share/arm1/launch
symbolically linking /home/sx/week04/learnarm_ws/build/arm1/launch/show_urdf_launch.py -> /home/sx/week04/learnarm_ws/install/arm1/share/arm1/launch
symbolically linking /home/sx/week04/learnarm_ws/build/arm1/launch/robot_arm_ros2_control_launch.py -> /home/sx/week04/learnarm_ws/install/arm1/share/arm1/launch
symbolically linking /home/sx/week04/learnarm_ws/build/arm1/launch/robot_arm_launch.py -> /home/sx/week04/learnarm_ws/install/arm1/share/arm1/launch
creating /home/sx/week04/learnarm_ws/install/arm1/share/arm1/config
symbolically linking /home/sx/week04/learnarm_ws/build/arm1/config/arm_controllers.yaml -> /home/sx/week04/learnarm_ws/install/arm1/share/arm1/config
