[3.851s] Invoking command in '/home/sx/week04/learnarm_ws/build/arm1': DEBUGINFOD_URLS=https://debuginfod.ubuntu.com PYTHONPATH=/home/sx/week04/learnarm_ws/build/arm1/prefix_override:/usr/lib/python3/dist-packages/colcon_core/task/python/colcon_distutils_commands:/home/sx/week04/learnarm_ws/install/arm1/lib/python3.12/site-packages:${PYTHONPATH} /usr/bin/python3 -W ignore:setup.py install is deprecated -W ignore:easy_install command is deprecated setup.py develop --editable --build-directory /home/sx/week04/learnarm_ws/build/arm1/build --no-deps symlink_data
[4.456s] running develop
[4.790s] running egg_info
[4.790s] creating arm1.egg-info
[4.827s] writing arm1.egg-info/PKG-INFO
[4.827s] writing dependency_links to arm1.egg-info/dependency_links.txt
[4.828s] writing entry points to arm1.egg-info/entry_points.txt
[4.828s] writing requirements to arm1.egg-info/requires.txt
[4.828s] writing top-level names to arm1.egg-info/top_level.txt
[4.828s] writing manifest file 'arm1.egg-info/SOURCES.txt'
[4.899s] reading manifest file 'arm1.egg-info/SOURCES.txt'
[4.900s] writing manifest file 'arm1.egg-info/SOURCES.txt'
[4.938s] running build_ext
[4.938s] Creating /home/sx/week04/learnarm_ws/install/arm1/lib/python3.12/site-packages/arm1.egg-link (link to .)
[4.939s] Installing joint_control script to /home/sx/week04/learnarm_ws/install/arm1/lib/arm1
[4.939s] Installing test_arm_action script to /home/sx/week04/learnarm_ws/install/arm1/lib/arm1
[4.940s] Installing test_arm_hand script to /home/sx/week04/learnarm_ws/install/arm1/lib/arm1
[4.940s] Installing test_arm_publisher script to /home/sx/week04/learnarm_ws/install/arm1/lib/arm1
[4.941s] 
[4.941s] Installed /home/sx/week04/learnarm_ws/build/arm1
[4.942s] running symlink_data
[4.942s] creating /home/sx/week04/learnarm_ws/install/arm1/share/ament_index
[4.942s] creating /home/sx/week04/learnarm_ws/install/arm1/share/ament_index/resource_index
[4.942s] creating /home/sx/week04/learnarm_ws/install/arm1/share/ament_index/resource_index/packages
[4.942s] symbolically linking /home/sx/week04/learnarm_ws/build/arm1/resource/arm1 -> /home/sx/week04/learnarm_ws/install/arm1/share/ament_index/resource_index/packages
[4.942s] symbolically linking /home/sx/week04/learnarm_ws/build/arm1/package.xml -> /home/sx/week04/learnarm_ws/install/arm1/share/arm1
[4.942s] creating /home/sx/week04/learnarm_ws/install/arm1/share/arm1/urdf
[4.942s] symbolically linking /home/sx/week04/learnarm_ws/build/arm1/urdf/rivz.rviz -> /home/sx/week04/learnarm_ws/install/arm1/share/arm1/urdf
[4.942s] symbolically linking /home/sx/week04/learnarm_ws/build/arm1/urdf/robot.urdf -> /home/sx/week04/learnarm_ws/install/arm1/share/arm1/urdf
[4.943s] symbolically linking /home/sx/week04/learnarm_ws/build/arm1/urdf/robot_arm.urdf -> /home/sx/week04/learnarm_ws/install/arm1/share/arm1/urdf
[4.943s] symbolically linking /home/sx/week04/learnarm_ws/build/arm1/urdf/robot_arm_ros2_controller.urdf -> /home/sx/week04/learnarm_ws/install/arm1/share/arm1/urdf
[4.943s] creating /home/sx/week04/learnarm_ws/install/arm1/share/arm1/launch
[4.943s] symbolically linking /home/sx/week04/learnarm_ws/build/arm1/launch/robot_arm_hand_ros2_control_launch.py -> /home/sx/week04/learnarm_ws/install/arm1/share/arm1/launch
[4.943s] symbolically linking /home/sx/week04/learnarm_ws/build/arm1/launch/robot_arm_action_ros2_control_launch.py -> /home/sx/week04/learnarm_ws/install/arm1/share/arm1/launch
[4.943s] symbolically linking /home/sx/week04/learnarm_ws/build/arm1/launch/robot_arm_publisher_ros2_control_launch.py -> /home/sx/week04/learnarm_ws/install/arm1/share/arm1/launch
[4.944s] symbolically linking /home/sx/week04/learnarm_ws/build/arm1/launch/show_urdf_launch.py -> /home/sx/week04/learnarm_ws/install/arm1/share/arm1/launch
[4.944s] symbolically linking /home/sx/week04/learnarm_ws/build/arm1/launch/robot_arm_ros2_control_launch.py -> /home/sx/week04/learnarm_ws/install/arm1/share/arm1/launch
[4.944s] symbolically linking /home/sx/week04/learnarm_ws/build/arm1/launch/robot_arm_launch.py -> /home/sx/week04/learnarm_ws/install/arm1/share/arm1/launch
[4.944s] creating /home/sx/week04/learnarm_ws/install/arm1/share/arm1/config
[4.944s] symbolically linking /home/sx/week04/learnarm_ws/build/arm1/config/arm_controllers.yaml -> /home/sx/week04/learnarm_ws/install/arm1/share/arm1/config
[5.138s] Invoked command in '/home/sx/week04/learnarm_ws/build/arm1' returned '0': DEBUGINFOD_URLS=https://debuginfod.ubuntu.com PYTHONPATH=/home/sx/week04/learnarm_ws/build/arm1/prefix_override:/usr/lib/python3/dist-packages/colcon_core/task/python/colcon_distutils_commands:/home/sx/week04/learnarm_ws/install/arm1/lib/python3.12/site-packages:${PYTHONPATH} /usr/bin/python3 -W ignore:setup.py install is deprecated -W ignore:easy_install command is deprecated setup.py develop --editable --build-directory /home/sx/week04/learnarm_ws/build/arm1/build --no-deps symlink_data
