[0.237s] DEBUG:colcon:Command line arguments: ['/usr/bin/colcon', 'build', '--symlink-install', '--packages-select', 'motion_api', 'robot_arm_config']
[0.237s] DEBUG:colcon:Parsed command line arguments: Namespace(log_base=None, log_level=None, verb_name='build', build_base='build', install_base='install', merge_install=False, symlink_install=True, test_result_base=None, continue_on_error=False, executor='parallel', parallel_workers=4, event_handlers=None, ignore_user_meta=False, metas=['./colcon.meta'], base_paths=['.'], packages_ignore=None, packages_ignore_regex=None, paths=None, packages_up_to=None, packages_up_to_regex=None, packages_above=None, packages_above_and_dependencies=None, packages_above_depth=None, packages_select_by_dep=None, packages_skip_by_dep=None, packages_skip_up_to=None, packages_select_build_failed=False, packages_skip_build_finished=False, packages_select_test_failures=False, packages_skip_test_passed=False, packages_select=['motion_api', 'robot_arm_config'], packages_skip=None, packages_select_regex=None, packages_skip_regex=None, packages_start=None, packages_end=None, allow_overriding=[], cmake_args=None, cmake_target=None, cmake_target_skip_unavailable=False, cmake_clean_cache=False, cmake_clean_first=False, cmake_force_configure=False, ament_cmake_args=None, catkin_cmake_args=None, catkin_skip_building_tests=False, verb_parser=<colcon_defaults.argument_parser.defaults.DefaultArgumentsDecorator object at 0x759ad2c43410>, verb_extension=<colcon_core.verb.build.BuildVerb object at 0x759ad2c42fc0>, main=<bound method BuildVerb.main of <colcon_core.verb.build.BuildVerb object at 0x759ad2c42fc0>>)
[0.305s] Level 1:colcon.colcon_core.package_discovery:discover_packages(colcon_meta) check parameters
[0.305s] Level 1:colcon.colcon_core.package_discovery:discover_packages(recursive) check parameters
[0.305s] Level 1:colcon.colcon_core.package_discovery:discover_packages(ignore) check parameters
[0.305s] Level 1:colcon.colcon_core.package_discovery:discover_packages(path) check parameters
[0.305s] Level 1:colcon.colcon_core.package_discovery:discover_packages(colcon_meta) discover
[0.305s] Level 1:colcon.colcon_core.package_discovery:discover_packages(recursive) discover
[0.306s] INFO:colcon.colcon_core.package_discovery:Crawling recursively for packages in '/home/sx/week04/learnarm_ws/src'
[0.306s] Level 1:colcon.colcon_core.package_identification:_identify(.) by extensions ['ignore', 'ignore_ament_install']
[0.306s] Level 1:colcon.colcon_core.package_identification:_identify(.) by extension 'ignore'
[0.306s] Level 1:colcon.colcon_core.package_identification:_identify(.) by extension 'ignore_ament_install'
[0.306s] Level 1:colcon.colcon_core.package_identification:_identify(.) by extensions ['colcon_pkg']
[0.306s] Level 1:colcon.colcon_core.package_identification:_identify(.) by extension 'colcon_pkg'
[0.306s] Level 1:colcon.colcon_core.package_identification:_identify(.) by extensions ['colcon_meta']
[0.306s] Level 1:colcon.colcon_core.package_identification:_identify(.) by extension 'colcon_meta'
[0.306s] Level 1:colcon.colcon_core.package_identification:_identify(.) by extensions ['ros']
[0.306s] Level 1:colcon.colcon_core.package_identification:_identify(.) by extension 'ros'
[0.352s] Level 1:colcon.colcon_core.package_identification:_identify(.) by extensions ['cmake', 'python']
[0.352s] Level 1:colcon.colcon_core.package_identification:_identify(.) by extension 'cmake'
[0.352s] Level 1:colcon.colcon_core.package_identification:_identify(.) by extension 'python'
[0.352s] Level 1:colcon.colcon_core.package_identification:_identify(.) by extensions ['python_setup_py']
[0.352s] Level 1:colcon.colcon_core.package_identification:_identify(.) by extension 'python_setup_py'
[0.352s] Level 1:colcon.colcon_core.package_identification:_identify(arm1) by extensions ['ignore', 'ignore_ament_install']
[0.353s] Level 1:colcon.colcon_core.package_identification:_identify(arm1) by extension 'ignore'
[0.353s] Level 1:colcon.colcon_core.package_identification:_identify(arm1) by extension 'ignore_ament_install'
[0.353s] Level 1:colcon.colcon_core.package_identification:_identify(arm1) by extensions ['colcon_pkg']
[0.353s] Level 1:colcon.colcon_core.package_identification:_identify(arm1) by extension 'colcon_pkg'
[0.353s] Level 1:colcon.colcon_core.package_identification:_identify(arm1) by extensions ['colcon_meta']
[0.353s] Level 1:colcon.colcon_core.package_identification:_identify(arm1) by extension 'colcon_meta'
[0.353s] Level 1:colcon.colcon_core.package_identification:_identify(arm1) by extensions ['ros']
[0.353s] Level 1:colcon.colcon_core.package_identification:_identify(arm1) by extension 'ros'
[0.357s] DEBUG:colcon.colcon_core.package_identification:Package 'arm1' with type 'ros.ament_python' and name 'arm1'
[0.357s] Level 1:colcon.colcon_core.package_identification:_identify(build) by extensions ['ignore', 'ignore_ament_install']
[0.357s] Level 1:colcon.colcon_core.package_identification:_identify(build) by extension 'ignore'
[0.358s] Level 1:colcon.colcon_core.package_identification:_identify(build) ignored
[0.358s] Level 1:colcon.colcon_core.package_identification:_identify(config) by extensions ['ignore', 'ignore_ament_install']
[0.358s] Level 1:colcon.colcon_core.package_identification:_identify(config) by extension 'ignore'
[0.358s] Level 1:colcon.colcon_core.package_identification:_identify(config) by extension 'ignore_ament_install'
[0.358s] Level 1:colcon.colcon_core.package_identification:_identify(config) by extensions ['colcon_pkg']
[0.358s] Level 1:colcon.colcon_core.package_identification:_identify(config) by extension 'colcon_pkg'
[0.358s] Level 1:colcon.colcon_core.package_identification:_identify(config) by extensions ['colcon_meta']
[0.358s] Level 1:colcon.colcon_core.package_identification:_identify(config) by extension 'colcon_meta'
[0.358s] Level 1:colcon.colcon_core.package_identification:_identify(config) by extensions ['ros']
[0.358s] Level 1:colcon.colcon_core.package_identification:_identify(config) by extension 'ros'
[0.358s] Level 1:colcon.colcon_core.package_identification:_identify(config) by extensions ['cmake', 'python']
[0.358s] Level 1:colcon.colcon_core.package_identification:_identify(config) by extension 'cmake'
[0.359s] Level 1:colcon.colcon_core.package_identification:_identify(config) by extension 'python'
[0.359s] Level 1:colcon.colcon_core.package_identification:_identify(config) by extensions ['python_setup_py']
[0.359s] Level 1:colcon.colcon_core.package_identification:_identify(config) by extension 'python_setup_py'
[0.359s] Level 1:colcon.colcon_core.package_identification:_identify(install) by extensions ['ignore', 'ignore_ament_install']
[0.359s] Level 1:colcon.colcon_core.package_identification:_identify(install) by extension 'ignore'
[0.359s] Level 1:colcon.colcon_core.package_identification:_identify(install) ignored
[0.359s] Level 1:colcon.colcon_core.package_identification:_identify(launch) by extensions ['ignore', 'ignore_ament_install']
[0.359s] Level 1:colcon.colcon_core.package_identification:_identify(launch) by extension 'ignore'
[0.359s] Level 1:colcon.colcon_core.package_identification:_identify(launch) by extension 'ignore_ament_install'
[0.359s] Level 1:colcon.colcon_core.package_identification:_identify(launch) by extensions ['colcon_pkg']
[0.359s] Level 1:colcon.colcon_core.package_identification:_identify(launch) by extension 'colcon_pkg'
[0.359s] Level 1:colcon.colcon_core.package_identification:_identify(launch) by extensions ['colcon_meta']
[0.359s] Level 1:colcon.colcon_core.package_identification:_identify(launch) by extension 'colcon_meta'
[0.359s] Level 1:colcon.colcon_core.package_identification:_identify(launch) by extensions ['ros']
[0.360s] Level 1:colcon.colcon_core.package_identification:_identify(launch) by extension 'ros'
[0.360s] Level 1:colcon.colcon_core.package_identification:_identify(launch) by extensions ['cmake', 'python']
[0.360s] Level 1:colcon.colcon_core.package_identification:_identify(launch) by extension 'cmake'
[0.360s] Level 1:colcon.colcon_core.package_identification:_identify(launch) by extension 'python'
[0.360s] Level 1:colcon.colcon_core.package_identification:_identify(launch) by extensions ['python_setup_py']
[0.360s] Level 1:colcon.colcon_core.package_identification:_identify(launch) by extension 'python_setup_py'
[0.360s] Level 1:colcon.colcon_core.package_identification:_identify(log) by extensions ['ignore', 'ignore_ament_install']
[0.360s] Level 1:colcon.colcon_core.package_identification:_identify(log) by extension 'ignore'
[0.360s] Level 1:colcon.colcon_core.package_identification:_identify(log) ignored
[0.360s] Level 1:colcon.colcon_core.package_identification:_identify(motion_api) by extensions ['ignore', 'ignore_ament_install']
[0.360s] Level 1:colcon.colcon_core.package_identification:_identify(motion_api) by extension 'ignore'
[0.360s] Level 1:colcon.colcon_core.package_identification:_identify(motion_api) by extension 'ignore_ament_install'
[0.361s] Level 1:colcon.colcon_core.package_identification:_identify(motion_api) by extensions ['colcon_pkg']
[0.361s] Level 1:colcon.colcon_core.package_identification:_identify(motion_api) by extension 'colcon_pkg'
[0.361s] Level 1:colcon.colcon_core.package_identification:_identify(motion_api) by extensions ['colcon_meta']
[0.361s] Level 1:colcon.colcon_core.package_identification:_identify(motion_api) by extension 'colcon_meta'
[0.361s] Level 1:colcon.colcon_core.package_identification:_identify(motion_api) by extensions ['ros']
[0.361s] Level 1:colcon.colcon_core.package_identification:_identify(motion_api) by extension 'ros'
[0.362s] DEBUG:colcon.colcon_core.package_identification:Package 'motion_api' with type 'ros.ament_python' and name 'motion_api'
[0.362s] Level 1:colcon.colcon_core.package_identification:_identify(robot_arm_config) by extensions ['ignore', 'ignore_ament_install']
[0.362s] Level 1:colcon.colcon_core.package_identification:_identify(robot_arm_config) by extension 'ignore'
[0.362s] Level 1:colcon.colcon_core.package_identification:_identify(robot_arm_config) by extension 'ignore_ament_install'
[0.362s] Level 1:colcon.colcon_core.package_identification:_identify(robot_arm_config) by extensions ['colcon_pkg']
[0.362s] Level 1:colcon.colcon_core.package_identification:_identify(robot_arm_config) by extension 'colcon_pkg'
[0.362s] Level 1:colcon.colcon_core.package_identification:_identify(robot_arm_config) by extensions ['colcon_meta']
[0.362s] Level 1:colcon.colcon_core.package_identification:_identify(robot_arm_config) by extension 'colcon_meta'
[0.362s] Level 1:colcon.colcon_core.package_identification:_identify(robot_arm_config) by extensions ['ros']
[0.362s] Level 1:colcon.colcon_core.package_identification:_identify(robot_arm_config) by extension 'ros'
[0.364s] DEBUG:colcon.colcon_core.package_identification:Package 'robot_arm_config' with type 'ros.ament_cmake' and name 'robot_arm_config'
[0.364s] Level 1:colcon.colcon_core.package_discovery:discover_packages(recursive) using defaults
[0.364s] Level 1:colcon.colcon_core.package_discovery:discover_packages(ignore) discover
[0.364s] Level 1:colcon.colcon_core.package_discovery:discover_packages(ignore) using defaults
[0.364s] Level 1:colcon.colcon_core.package_discovery:discover_packages(path) discover
[0.364s] Level 1:colcon.colcon_core.package_discovery:discover_packages(path) using defaults
[0.401s] INFO:colcon.colcon_core.package_selection:Skipping not selected package 'arm1' in 'arm1'
[0.402s] Level 1:colcon.colcon_core.package_discovery:discover_packages(prefix_path) check parameters
[0.402s] Level 1:colcon.colcon_core.package_discovery:discover_packages(prefix_path) discover
[0.408s] DEBUG:colcon.colcon_installed_package_information.package_discovery:Found 406 installed packages in /opt/ros/jazzy
[0.411s] Level 1:colcon.colcon_core.package_discovery:discover_packages(prefix_path) using defaults
[0.505s] Level 5:colcon.colcon_core.verb:set package 'motion_api' build argument 'cmake_args' from command line to 'None'
[0.505s] Level 5:colcon.colcon_core.verb:set package 'motion_api' build argument 'cmake_target' from command line to 'None'
[0.505s] Level 5:colcon.colcon_core.verb:set package 'motion_api' build argument 'cmake_target_skip_unavailable' from command line to 'False'
[0.505s] Level 5:colcon.colcon_core.verb:set package 'motion_api' build argument 'cmake_clean_cache' from command line to 'False'
[0.505s] Level 5:colcon.colcon_core.verb:set package 'motion_api' build argument 'cmake_clean_first' from command line to 'False'
[0.505s] Level 5:colcon.colcon_core.verb:set package 'motion_api' build argument 'cmake_force_configure' from command line to 'False'
[0.505s] Level 5:colcon.colcon_core.verb:set package 'motion_api' build argument 'ament_cmake_args' from command line to 'None'
[0.505s] Level 5:colcon.colcon_core.verb:set package 'motion_api' build argument 'catkin_cmake_args' from command line to 'None'
[0.505s] Level 5:colcon.colcon_core.verb:set package 'motion_api' build argument 'catkin_skip_building_tests' from command line to 'False'
[0.505s] DEBUG:colcon.colcon_core.verb:Building package 'motion_api' with the following arguments: {'ament_cmake_args': None, 'build_base': '/home/sx/week04/learnarm_ws/src/build/motion_api', 'catkin_cmake_args': None, 'catkin_skip_building_tests': False, 'cmake_args': None, 'cmake_clean_cache': False, 'cmake_clean_first': False, 'cmake_force_configure': False, 'cmake_target': None, 'cmake_target_skip_unavailable': False, 'install_base': '/home/sx/week04/learnarm_ws/src/install/motion_api', 'merge_install': False, 'path': '/home/sx/week04/learnarm_ws/src/motion_api', 'symlink_install': True, 'test_result_base': None}
[0.507s] Level 5:colcon.colcon_core.verb:set package 'robot_arm_config' build argument 'cmake_args' from command line to 'None'
[0.507s] Level 5:colcon.colcon_core.verb:set package 'robot_arm_config' build argument 'cmake_target' from command line to 'None'
[0.507s] Level 5:colcon.colcon_core.verb:set package 'robot_arm_config' build argument 'cmake_target_skip_unavailable' from command line to 'False'
[0.507s] Level 5:colcon.colcon_core.verb:set package 'robot_arm_config' build argument 'cmake_clean_cache' from command line to 'False'
[0.507s] Level 5:colcon.colcon_core.verb:set package 'robot_arm_config' build argument 'cmake_clean_first' from command line to 'False'
[0.507s] Level 5:colcon.colcon_core.verb:set package 'robot_arm_config' build argument 'cmake_force_configure' from command line to 'False'
[0.508s] Level 5:colcon.colcon_core.verb:set package 'robot_arm_config' build argument 'ament_cmake_args' from command line to 'None'
[0.508s] Level 5:colcon.colcon_core.verb:set package 'robot_arm_config' build argument 'catkin_cmake_args' from command line to 'None'
[0.508s] Level 5:colcon.colcon_core.verb:set package 'robot_arm_config' build argument 'catkin_skip_building_tests' from command line to 'False'
[0.508s] DEBUG:colcon.colcon_core.verb:Building package 'robot_arm_config' with the following arguments: {'ament_cmake_args': None, 'build_base': '/home/sx/week04/learnarm_ws/src/build/robot_arm_config', 'catkin_cmake_args': None, 'catkin_skip_building_tests': False, 'cmake_args': None, 'cmake_clean_cache': False, 'cmake_clean_first': False, 'cmake_force_configure': False, 'cmake_target': None, 'cmake_target_skip_unavailable': False, 'install_base': '/home/sx/week04/learnarm_ws/src/install/robot_arm_config', 'merge_install': False, 'path': '/home/sx/week04/learnarm_ws/src/robot_arm_config', 'symlink_install': True, 'test_result_base': None}
[0.509s] INFO:colcon.colcon_core.executor:Executing jobs using 'parallel' executor
[0.511s] DEBUG:colcon.colcon_parallel_executor.executor.parallel:run_until_complete
[0.511s] INFO:colcon.colcon_ros.task.ament_python.build:Building ROS package in '/home/sx/week04/learnarm_ws/src/motion_api' with build type 'ament_python'
[0.511s] Level 1:colcon.colcon_core.shell:create_environment_hook('motion_api', 'ament_prefix_path')
[0.514s] INFO:colcon.colcon_core.plugin_system:Skipping extension 'colcon_core.shell.bat': Not used on non-Windows systems
[0.514s] INFO:colcon.colcon_core.shell:Creating environment hook '/home/sx/week04/learnarm_ws/src/install/motion_api/share/motion_api/hook/ament_prefix_path.ps1'
[0.515s] INFO:colcon.colcon_core.shell:Creating environment descriptor '/home/sx/week04/learnarm_ws/src/install/motion_api/share/motion_api/hook/ament_prefix_path.dsv'
[0.516s] INFO:colcon.colcon_core.shell:Creating environment hook '/home/sx/week04/learnarm_ws/src/install/motion_api/share/motion_api/hook/ament_prefix_path.sh'
[0.518s] INFO:colcon.colcon_core.shell:Skip shell extension 'powershell' for command environment: Not usable outside of PowerShell
[0.518s] DEBUG:colcon.colcon_core.shell:Skip shell extension 'dsv' for command environment
[0.525s] INFO:colcon.colcon_ros.task.ament_cmake.build:Building ROS package in '/home/sx/week04/learnarm_ws/src/robot_arm_config' with build type 'ament_cmake'
[0.525s] INFO:colcon.colcon_cmake.task.cmake.build:Building CMake package in '/home/sx/week04/learnarm_ws/src/robot_arm_config'
[0.525s] INFO:colcon.colcon_core.shell:Skip shell extension 'powershell' for command environment: Not usable outside of PowerShell
[0.525s] DEBUG:colcon.colcon_core.shell:Skip shell extension 'dsv' for command environment
[0.533s] ERROR:colcon.colcon_cmake.task.cmake.build:Failed to find the following files:
- /home/sx/week04/learnarm_ws/src/install/arm1/share/arm1/package.sh
Check that the following packages have been built:
- arm1
[0.533s] Level 1:colcon.colcon_core.environment:create_environment_scripts_only(robot_arm_config)
[0.536s] Level 1:colcon.colcon_core.environment:checking '/home/sx/week04/learnarm_ws/src/install/robot_arm_config' for CMake module files
[0.537s] Level 1:colcon.colcon_core.environment:checking '/home/sx/week04/learnarm_ws/src/install/robot_arm_config' for CMake config files
[0.538s] Level 1:colcon.colcon_core.environment:checking '/home/sx/week04/learnarm_ws/src/install/robot_arm_config/bin'
[0.538s] Level 1:colcon.colcon_core.environment:checking '/home/sx/week04/learnarm_ws/src/install/robot_arm_config/lib/pkgconfig/robot_arm_config.pc'
[0.539s] Level 1:colcon.colcon_core.environment:checking '/home/sx/week04/learnarm_ws/src/install/robot_arm_config/lib/python3.12/site-packages'
[0.540s] Level 1:colcon.colcon_core.environment:checking '/home/sx/week04/learnarm_ws/src/install/robot_arm_config/bin'
[0.540s] INFO:colcon.colcon_core.shell:Creating package script '/home/sx/week04/learnarm_ws/src/install/robot_arm_config/share/robot_arm_config/package.ps1'
[0.542s] INFO:colcon.colcon_core.shell:Creating package descriptor '/home/sx/week04/learnarm_ws/src/install/robot_arm_config/share/robot_arm_config/package.dsv'
[0.543s] INFO:colcon.colcon_core.shell:Creating package script '/home/sx/week04/learnarm_ws/src/install/robot_arm_config/share/robot_arm_config/package.sh'
[0.543s] INFO:colcon.colcon_core.shell:Creating package script '/home/sx/week04/learnarm_ws/src/install/robot_arm_config/share/robot_arm_config/package.bash'
[0.544s] INFO:colcon.colcon_core.shell:Creating package script '/home/sx/week04/learnarm_ws/src/install/robot_arm_config/share/robot_arm_config/package.zsh'
[0.545s] Level 1:colcon.colcon_core.environment:create_file_with_runtime_dependencies(/home/sx/week04/learnarm_ws/src/install/robot_arm_config/share/colcon-core/packages/robot_arm_config)
[0.558s] DEBUG:colcon.colcon_parallel_executor.executor.parallel:closing loop
[0.558s] DEBUG:colcon.colcon_parallel_executor.executor.parallel:loop closed
[0.558s] DEBUG:colcon.colcon_parallel_executor.executor.parallel:run_until_complete finished with '1'
[0.559s] DEBUG:colcon.colcon_core.event_reactor:joining thread
[0.568s] INFO:colcon.colcon_core.plugin_system:Skipping extension 'colcon_notification.desktop_notification.terminal_notifier': Not used on non-Darwin systems
[0.568s] INFO:colcon.colcon_core.plugin_system:Skipping extension 'colcon_notification.desktop_notification.win32': Not used on non-Windows systems
[0.568s] INFO:colcon.colcon_notification.desktop_notification:Sending desktop notification using 'notify2'
[0.611s] DEBUG:colcon.colcon_core.event_reactor:joined thread
[0.613s] INFO:colcon.colcon_core.shell:Creating prefix script '/home/sx/week04/learnarm_ws/src/install/local_setup.ps1'
[0.615s] INFO:colcon.colcon_core.shell:Creating prefix util module '/home/sx/week04/learnarm_ws/src/install/_local_setup_util_ps1.py'
[0.617s] INFO:colcon.colcon_core.shell:Creating prefix chain script '/home/sx/week04/learnarm_ws/src/install/setup.ps1'
[0.621s] INFO:colcon.colcon_core.shell:Creating prefix script '/home/sx/week04/learnarm_ws/src/install/local_setup.sh'
[0.623s] INFO:colcon.colcon_core.shell:Creating prefix util module '/home/sx/week04/learnarm_ws/src/install/_local_setup_util_sh.py'
[0.625s] INFO:colcon.colcon_core.shell:Creating prefix chain script '/home/sx/week04/learnarm_ws/src/install/setup.sh'
[0.627s] INFO:colcon.colcon_core.shell:Creating prefix script '/home/sx/week04/learnarm_ws/src/install/local_setup.bash'
[0.628s] INFO:colcon.colcon_core.shell:Creating prefix chain script '/home/sx/week04/learnarm_ws/src/install/setup.bash'
[0.630s] INFO:colcon.colcon_core.shell:Creating prefix script '/home/sx/week04/learnarm_ws/src/install/local_setup.zsh'
[0.631s] INFO:colcon.colcon_core.shell:Creating prefix chain script '/home/sx/week04/learnarm_ws/src/install/setup.zsh'
