running develop
running egg_info
creating motion_api.egg-info
writing motion_api.egg-info/PKG-INFO
writing dependency_links to motion_api.egg-info/dependency_links.txt
writing entry points to motion_api.egg-info/entry_points.txt
writing requirements to motion_api.egg-info/requires.txt
writing top-level names to motion_api.egg-info/top_level.txt
writing manifest file 'motion_api.egg-info/SOURCES.txt'
reading manifest file 'motion_api.egg-info/SOURCES.txt'
writing manifest file 'motion_api.egg-info/SOURCES.txt'
running build_ext
Creating /home/sx/week04/learnarm_ws/install/motion_api/lib/python3.12/site-packages/motion-api.egg-link (link to .)
Installing motion_api_test script to /home/sx/week04/learnarm_ws/install/motion_api/lib/motion_api
Installing pick_drop script to /home/sx/week04/learnarm_ws/install/motion_api/lib/motion_api
Installing pick_rose_drop script to /home/sx/week04/learnarm_ws/install/motion_api/lib/motion_api

Installed /home/sx/week04/learnarm_ws/build/motion_api
running symlink_data
creating /home/sx/week04/learnarm_ws/install/motion_api/share/ament_index
creating /home/sx/week04/learnarm_ws/install/motion_api/share/ament_index/resource_index
creating /home/sx/week04/learnarm_ws/install/motion_api/share/ament_index/resource_index/packages
symbolically linking /home/sx/week04/learnarm_ws/build/motion_api/resource/motion_api -> /home/sx/week04/learnarm_ws/install/motion_api/share/ament_index/resource_index/packages
symbolically linking /home/sx/week04/learnarm_ws/build/motion_api/package.xml -> /home/sx/week04/learnarm_ws/install/motion_api/share/motion_api
creating /home/sx/week04/learnarm_ws/install/motion_api/share/motion_api/launch
symbolically linking /home/sx/week04/learnarm_ws/build/motion_api/launch/pick_block.launch.py -> /home/sx/week04/learnarm_ws/install/motion_api/share/motion_api/launch
symbolically linking /home/sx/week04/learnarm_ws/build/motion_api/launch/load_all_models.launch.py -> /home/sx/week04/learnarm_ws/install/motion_api/share/motion_api/launch
symbolically linking /home/sx/week04/learnarm_ws/build/motion_api/launch/motion_api.launch.py -> /home/sx/week04/learnarm_ws/install/motion_api/share/motion_api/launch
creating /home/sx/week04/learnarm_ws/install/motion_api/share/motion_api/config
symbolically linking /home/sx/week04/learnarm_ws/build/motion_api/config/red.urdf -> /home/sx/week04/learnarm_ws/install/motion_api/share/motion_api/config
symbolically linking /home/sx/week04/learnarm_ws/build/motion_api/config/green.urdf -> /home/sx/week04/learnarm_ws/install/motion_api/share/motion_api/config
symbolically linking /home/sx/week04/learnarm_ws/build/motion_api/config/box.sdf -> /home/sx/week04/learnarm_ws/install/motion_api/share/motion_api/config
symbolically linking /home/sx/week04/learnarm_ws/build/motion_api/config/blue.urdf -> /home/sx/week04/learnarm_ws/install/motion_api/share/motion_api/config
symbolically linking /home/sx/week04/learnarm_ws/build/motion_api/config/moveit_cpp.yaml -> /home/sx/week04/learnarm_ws/install/motion_api/share/motion_api/config
symbolically linking /home/sx/week04/learnarm_ws/build/motion_api/config/case.urdf -> /home/sx/week04/learnarm_ws/install/motion_api/share/motion_api/config
symbolically linking /home/sx/week04/learnarm_ws/build/motion_api/config/pink_cylinder.sdf -> /home/sx/week04/learnarm_ws/install/motion_api/share/motion_api/config
