[3.735s] Invoking command in '/home/sx/week04/learnarm_ws/build/motion_api': DEBUGINFOD_URLS=https://debuginfod.ubuntu.com PYTHONPATH=/home/sx/week04/learnarm_ws/build/motion_api/prefix_override:/usr/lib/python3/dist-packages/colcon_core/task/python/colcon_distutils_commands:/home/sx/week04/learnarm_ws/install/motion_api/lib/python3.12/site-packages:${PYTHONPATH} /usr/bin/python3 -W ignore:setup.py install is deprecated -W ignore:easy_install command is deprecated setup.py develop --editable --build-directory /home/sx/week04/learnarm_ws/build/motion_api/build --no-deps symlink_data
[4.411s] running develop
[4.739s] running egg_info
[4.740s] creating motion_api.egg-info
[4.775s] writing motion_api.egg-info/PKG-INFO
[4.776s] writing dependency_links to motion_api.egg-info/dependency_links.txt
[4.776s] writing entry points to motion_api.egg-info/entry_points.txt
[4.776s] writing requirements to motion_api.egg-info/requires.txt
[4.776s] writing top-level names to motion_api.egg-info/top_level.txt
[4.777s] writing manifest file 'motion_api.egg-info/SOURCES.txt'
[4.847s] reading manifest file 'motion_api.egg-info/SOURCES.txt'
[4.848s] writing manifest file 'motion_api.egg-info/SOURCES.txt'
[4.884s] running build_ext
[4.885s] Creating /home/sx/week04/learnarm_ws/install/motion_api/lib/python3.12/site-packages/motion-api.egg-link (link to .)
[4.886s] Installing motion_api_test script to /home/sx/week04/learnarm_ws/install/motion_api/lib/motion_api
[4.886s] Installing pick_drop script to /home/sx/week04/learnarm_ws/install/motion_api/lib/motion_api
[4.887s] Installing pick_rose_drop script to /home/sx/week04/learnarm_ws/install/motion_api/lib/motion_api
[4.887s] 
[4.887s] Installed /home/sx/week04/learnarm_ws/build/motion_api
[4.887s] running symlink_data
[4.888s] creating /home/sx/week04/learnarm_ws/install/motion_api/share/ament_index
[4.888s] creating /home/sx/week04/learnarm_ws/install/motion_api/share/ament_index/resource_index
[4.889s] creating /home/sx/week04/learnarm_ws/install/motion_api/share/ament_index/resource_index/packages
[4.889s] symbolically linking /home/sx/week04/learnarm_ws/build/motion_api/resource/motion_api -> /home/sx/week04/learnarm_ws/install/motion_api/share/ament_index/resource_index/packages
[4.889s] symbolically linking /home/sx/week04/learnarm_ws/build/motion_api/package.xml -> /home/sx/week04/learnarm_ws/install/motion_api/share/motion_api
[4.889s] creating /home/sx/week04/learnarm_ws/install/motion_api/share/motion_api/launch
[4.890s] symbolically linking /home/sx/week04/learnarm_ws/build/motion_api/launch/pick_block.launch.py -> /home/sx/week04/learnarm_ws/install/motion_api/share/motion_api/launch
[4.890s] symbolically linking /home/sx/week04/learnarm_ws/build/motion_api/launch/load_all_models.launch.py -> /home/sx/week04/learnarm_ws/install/motion_api/share/motion_api/launch
[4.890s] symbolically linking /home/sx/week04/learnarm_ws/build/motion_api/launch/motion_api.launch.py -> /home/sx/week04/learnarm_ws/install/motion_api/share/motion_api/launch
[4.891s] creating /home/sx/week04/learnarm_ws/install/motion_api/share/motion_api/config
[4.891s] symbolically linking /home/sx/week04/learnarm_ws/build/motion_api/config/red.urdf -> /home/sx/week04/learnarm_ws/install/motion_api/share/motion_api/config
[4.892s] symbolically linking /home/sx/week04/learnarm_ws/build/motion_api/config/green.urdf -> /home/sx/week04/learnarm_ws/install/motion_api/share/motion_api/config
[4.892s] symbolically linking /home/sx/week04/learnarm_ws/build/motion_api/config/box.sdf -> /home/sx/week04/learnarm_ws/install/motion_api/share/motion_api/config
[4.892s] symbolically linking /home/sx/week04/learnarm_ws/build/motion_api/config/blue.urdf -> /home/sx/week04/learnarm_ws/install/motion_api/share/motion_api/config
[4.893s] symbolically linking /home/sx/week04/learnarm_ws/build/motion_api/config/moveit_cpp.yaml -> /home/sx/week04/learnarm_ws/install/motion_api/share/motion_api/config
[4.893s] symbolically linking /home/sx/week04/learnarm_ws/build/motion_api/config/case.urdf -> /home/sx/week04/learnarm_ws/install/motion_api/share/motion_api/config
[4.893s] symbolically linking /home/sx/week04/learnarm_ws/build/motion_api/config/pink_cylinder.sdf -> /home/sx/week04/learnarm_ws/install/motion_api/share/motion_api/config
[4.951s] Invoked command in '/home/sx/week04/learnarm_ws/build/motion_api' returned '0': DEBUGINFOD_URLS=https://debuginfod.ubuntu.com PYTHONPATH=/home/sx/week04/learnarm_ws/build/motion_api/prefix_override:/usr/lib/python3/dist-packages/colcon_core/task/python/colcon_distutils_commands:/home/sx/week04/learnarm_ws/install/motion_api/lib/python3.12/site-packages:${PYTHONPATH} /usr/bin/python3 -W ignore:setup.py install is deprecated -W ignore:easy_install command is deprecated setup.py develop --editable --build-directory /home/sx/week04/learnarm_ws/build/motion_api/build --no-deps symlink_data
