[0.829s] DEBUG:colcon:Command line arguments: ['/usr/bin/colcon', 'build', '--symlink-install']
[0.829s] DEBUG:colcon:Parsed command line arguments: Namespace(log_base=None, log_level=None, verb_name='build', build_base='build', install_base='install', merge_install=False, symlink_install=True, test_result_base=None, continue_on_error=False, executor='parallel', parallel_workers=4, event_handlers=None, ignore_user_meta=False, metas=['./colcon.meta'], base_paths=['.'], packages_ignore=None, packages_ignore_regex=None, paths=None, packages_up_to=None, packages_up_to_regex=None, packages_above=None, packages_above_and_dependencies=None, packages_above_depth=None, packages_select_by_dep=None, packages_skip_by_dep=None, packages_skip_up_to=None, packages_select_build_failed=False, packages_skip_build_finished=False, packages_select_test_failures=False, packages_skip_test_passed=False, packages_select=None, packages_skip=None, packages_select_regex=None, packages_skip_regex=None, packages_start=None, packages_end=None, allow_overriding=[], cmake_args=None, cmake_target=None, cmake_target_skip_unavailable=False, cmake_clean_cache=False, cmake_clean_first=False, cmake_force_configure=False, ament_cmake_args=None, catkin_cmake_args=None, catkin_skip_building_tests=False, verb_parser=<colcon_defaults.argument_parser.defaults.DefaultArgumentsDecorator object at 0x7f260471f350>, verb_extension=<colcon_core.verb.build.BuildVerb object at 0x7f260471f200>, main=<bound method BuildVerb.main of <colcon_core.verb.build.BuildVerb object at 0x7f260471f200>>)
[1.097s] Level 1:colcon.colcon_core.package_discovery:discover_packages(colcon_meta) check parameters
[1.098s] Level 1:colcon.colcon_core.package_discovery:discover_packages(recursive) check parameters
[1.098s] Level 1:colcon.colcon_core.package_discovery:discover_packages(ignore) check parameters
[1.098s] Level 1:colcon.colcon_core.package_discovery:discover_packages(path) check parameters
[1.098s] Level 1:colcon.colcon_core.package_discovery:discover_packages(colcon_meta) discover
[1.098s] Level 1:colcon.colcon_core.package_discovery:discover_packages(recursive) discover
[1.098s] INFO:colcon.colcon_core.package_discovery:Crawling recursively for packages in '/home/sx/week04/learnarm_ws'
[1.098s] Level 1:colcon.colcon_core.package_identification:_identify(.) by extensions ['ignore', 'ignore_ament_install']
[1.099s] Level 1:colcon.colcon_core.package_identification:_identify(.) by extension 'ignore'
[1.099s] Level 1:colcon.colcon_core.package_identification:_identify(.) by extension 'ignore_ament_install'
[1.099s] Level 1:colcon.colcon_core.package_identification:_identify(.) by extensions ['colcon_pkg']
[1.099s] Level 1:colcon.colcon_core.package_identification:_identify(.) by extension 'colcon_pkg'
[1.099s] Level 1:colcon.colcon_core.package_identification:_identify(.) by extensions ['colcon_meta']
[1.099s] Level 1:colcon.colcon_core.package_identification:_identify(.) by extension 'colcon_meta'
[1.099s] Level 1:colcon.colcon_core.package_identification:_identify(.) by extensions ['ros']
[1.099s] Level 1:colcon.colcon_core.package_identification:_identify(.) by extension 'ros'
[1.182s] Level 1:colcon.colcon_core.package_identification:_identify(.) by extensions ['cmake', 'python']
[1.182s] Level 1:colcon.colcon_core.package_identification:_identify(.) by extension 'cmake'
[1.182s] Level 1:colcon.colcon_core.package_identification:_identify(.) by extension 'python'
[1.183s] Level 1:colcon.colcon_core.package_identification:_identify(.) by extensions ['python_setup_py']
[1.183s] Level 1:colcon.colcon_core.package_identification:_identify(.) by extension 'python_setup_py'
[1.183s] Level 1:colcon.colcon_core.package_identification:_identify(build) by extensions ['ignore', 'ignore_ament_install']
[1.183s] Level 1:colcon.colcon_core.package_identification:_identify(build) by extension 'ignore'
[1.183s] Level 1:colcon.colcon_core.package_identification:_identify(build) ignored
[1.183s] Level 1:colcon.colcon_core.package_identification:_identify(install) by extensions ['ignore', 'ignore_ament_install']
[1.184s] Level 1:colcon.colcon_core.package_identification:_identify(install) by extension 'ignore'
[1.184s] Level 1:colcon.colcon_core.package_identification:_identify(install) ignored
[1.184s] Level 1:colcon.colcon_core.package_identification:_identify(log) by extensions ['ignore', 'ignore_ament_install']
[1.184s] Level 1:colcon.colcon_core.package_identification:_identify(log) by extension 'ignore'
[1.184s] Level 1:colcon.colcon_core.package_identification:_identify(log) ignored
[1.184s] Level 1:colcon.colcon_core.package_identification:_identify(src) by extensions ['ignore', 'ignore_ament_install']
[1.184s] Level 1:colcon.colcon_core.package_identification:_identify(src) by extension 'ignore'
[1.185s] Level 1:colcon.colcon_core.package_identification:_identify(src) by extension 'ignore_ament_install'
[1.185s] Level 1:colcon.colcon_core.package_identification:_identify(src) by extensions ['colcon_pkg']
[1.185s] Level 1:colcon.colcon_core.package_identification:_identify(src) by extension 'colcon_pkg'
[1.185s] Level 1:colcon.colcon_core.package_identification:_identify(src) by extensions ['colcon_meta']
[1.185s] Level 1:colcon.colcon_core.package_identification:_identify(src) by extension 'colcon_meta'
[1.185s] Level 1:colcon.colcon_core.package_identification:_identify(src) by extensions ['ros']
[1.185s] Level 1:colcon.colcon_core.package_identification:_identify(src) by extension 'ros'
[1.185s] Level 1:colcon.colcon_core.package_identification:_identify(src) by extensions ['cmake', 'python']
[1.185s] Level 1:colcon.colcon_core.package_identification:_identify(src) by extension 'cmake'
[1.185s] Level 1:colcon.colcon_core.package_identification:_identify(src) by extension 'python'
[1.185s] Level 1:colcon.colcon_core.package_identification:_identify(src) by extensions ['python_setup_py']
[1.185s] Level 1:colcon.colcon_core.package_identification:_identify(src) by extension 'python_setup_py'
[1.185s] Level 1:colcon.colcon_core.package_identification:_identify(src/arm1) by extensions ['ignore', 'ignore_ament_install']
[1.185s] Level 1:colcon.colcon_core.package_identification:_identify(src/arm1) by extension 'ignore'
[1.186s] Level 1:colcon.colcon_core.package_identification:_identify(src/arm1) by extension 'ignore_ament_install'
[1.186s] Level 1:colcon.colcon_core.package_identification:_identify(src/arm1) by extensions ['colcon_pkg']
[1.186s] Level 1:colcon.colcon_core.package_identification:_identify(src/arm1) by extension 'colcon_pkg'
[1.186s] Level 1:colcon.colcon_core.package_identification:_identify(src/arm1) by extensions ['colcon_meta']
[1.186s] Level 1:colcon.colcon_core.package_identification:_identify(src/arm1) by extension 'colcon_meta'
[1.186s] Level 1:colcon.colcon_core.package_identification:_identify(src/arm1) by extensions ['ros']
[1.186s] Level 1:colcon.colcon_core.package_identification:_identify(src/arm1) by extension 'ros'
[1.200s] DEBUG:colcon.colcon_core.package_identification:Package 'src/arm1' with type 'ros.ament_python' and name 'arm1'
[1.200s] Level 1:colcon.colcon_core.package_identification:_identify(src/build) by extensions ['ignore', 'ignore_ament_install']
[1.201s] Level 1:colcon.colcon_core.package_identification:_identify(src/build) by extension 'ignore'
[1.201s] Level 1:colcon.colcon_core.package_identification:_identify(src/build) ignored
[1.201s] Level 1:colcon.colcon_core.package_identification:_identify(src/config) by extensions ['ignore', 'ignore_ament_install']
[1.201s] Level 1:colcon.colcon_core.package_identification:_identify(src/config) by extension 'ignore'
[1.201s] Level 1:colcon.colcon_core.package_identification:_identify(src/config) by extension 'ignore_ament_install'
[1.201s] Level 1:colcon.colcon_core.package_identification:_identify(src/config) by extensions ['colcon_pkg']
[1.201s] Level 1:colcon.colcon_core.package_identification:_identify(src/config) by extension 'colcon_pkg'
[1.201s] Level 1:colcon.colcon_core.package_identification:_identify(src/config) by extensions ['colcon_meta']
[1.201s] Level 1:colcon.colcon_core.package_identification:_identify(src/config) by extension 'colcon_meta'
[1.201s] Level 1:colcon.colcon_core.package_identification:_identify(src/config) by extensions ['ros']
[1.201s] Level 1:colcon.colcon_core.package_identification:_identify(src/config) by extension 'ros'
[1.202s] Level 1:colcon.colcon_core.package_identification:_identify(src/config) by extensions ['cmake', 'python']
[1.202s] Level 1:colcon.colcon_core.package_identification:_identify(src/config) by extension 'cmake'
[1.202s] Level 1:colcon.colcon_core.package_identification:_identify(src/config) by extension 'python'
[1.202s] Level 1:colcon.colcon_core.package_identification:_identify(src/config) by extensions ['python_setup_py']
[1.202s] Level 1:colcon.colcon_core.package_identification:_identify(src/config) by extension 'python_setup_py'
[1.202s] Level 1:colcon.colcon_core.package_identification:_identify(src/install) by extensions ['ignore', 'ignore_ament_install']
[1.202s] Level 1:colcon.colcon_core.package_identification:_identify(src/install) by extension 'ignore'
[1.202s] Level 1:colcon.colcon_core.package_identification:_identify(src/install) ignored
[1.202s] Level 1:colcon.colcon_core.package_identification:_identify(src/launch) by extensions ['ignore', 'ignore_ament_install']
[1.203s] Level 1:colcon.colcon_core.package_identification:_identify(src/launch) by extension 'ignore'
[1.203s] Level 1:colcon.colcon_core.package_identification:_identify(src/launch) by extension 'ignore_ament_install'
[1.203s] Level 1:colcon.colcon_core.package_identification:_identify(src/launch) by extensions ['colcon_pkg']
[1.203s] Level 1:colcon.colcon_core.package_identification:_identify(src/launch) by extension 'colcon_pkg'
[1.203s] Level 1:colcon.colcon_core.package_identification:_identify(src/launch) by extensions ['colcon_meta']
[1.203s] Level 1:colcon.colcon_core.package_identification:_identify(src/launch) by extension 'colcon_meta'
[1.203s] Level 1:colcon.colcon_core.package_identification:_identify(src/launch) by extensions ['ros']
[1.203s] Level 1:colcon.colcon_core.package_identification:_identify(src/launch) by extension 'ros'
[1.203s] Level 1:colcon.colcon_core.package_identification:_identify(src/launch) by extensions ['cmake', 'python']
[1.203s] Level 1:colcon.colcon_core.package_identification:_identify(src/launch) by extension 'cmake'
[1.203s] Level 1:colcon.colcon_core.package_identification:_identify(src/launch) by extension 'python'
[1.203s] Level 1:colcon.colcon_core.package_identification:_identify(src/launch) by extensions ['python_setup_py']
[1.203s] Level 1:colcon.colcon_core.package_identification:_identify(src/launch) by extension 'python_setup_py'
[1.203s] Level 1:colcon.colcon_core.package_identification:_identify(src/log) by extensions ['ignore', 'ignore_ament_install']
[1.204s] Level 1:colcon.colcon_core.package_identification:_identify(src/log) by extension 'ignore'
[1.204s] Level 1:colcon.colcon_core.package_identification:_identify(src/log) ignored
[1.204s] Level 1:colcon.colcon_core.package_identification:_identify(src/motion_api) by extensions ['ignore', 'ignore_ament_install']
[1.204s] Level 1:colcon.colcon_core.package_identification:_identify(src/motion_api) by extension 'ignore'
[1.204s] Level 1:colcon.colcon_core.package_identification:_identify(src/motion_api) by extension 'ignore_ament_install'
[1.204s] Level 1:colcon.colcon_core.package_identification:_identify(src/motion_api) by extensions ['colcon_pkg']
[1.204s] Level 1:colcon.colcon_core.package_identification:_identify(src/motion_api) by extension 'colcon_pkg'
[1.204s] Level 1:colcon.colcon_core.package_identification:_identify(src/motion_api) by extensions ['colcon_meta']
[1.204s] Level 1:colcon.colcon_core.package_identification:_identify(src/motion_api) by extension 'colcon_meta'
[1.204s] Level 1:colcon.colcon_core.package_identification:_identify(src/motion_api) by extensions ['ros']
[1.204s] Level 1:colcon.colcon_core.package_identification:_identify(src/motion_api) by extension 'ros'
[1.207s] DEBUG:colcon.colcon_core.package_identification:Package 'src/motion_api' with type 'ros.ament_python' and name 'motion_api'
[1.207s] Level 1:colcon.colcon_core.package_identification:_identify(src/robot_arm_config) by extensions ['ignore', 'ignore_ament_install']
[1.207s] Level 1:colcon.colcon_core.package_identification:_identify(src/robot_arm_config) by extension 'ignore'
[1.207s] Level 1:colcon.colcon_core.package_identification:_identify(src/robot_arm_config) by extension 'ignore_ament_install'
[1.207s] Level 1:colcon.colcon_core.package_identification:_identify(src/robot_arm_config) by extensions ['colcon_pkg']
[1.207s] Level 1:colcon.colcon_core.package_identification:_identify(src/robot_arm_config) by extension 'colcon_pkg'
[1.207s] Level 1:colcon.colcon_core.package_identification:_identify(src/robot_arm_config) by extensions ['colcon_meta']
[1.207s] Level 1:colcon.colcon_core.package_identification:_identify(src/robot_arm_config) by extension 'colcon_meta'
[1.208s] Level 1:colcon.colcon_core.package_identification:_identify(src/robot_arm_config) by extensions ['ros']
[1.208s] Level 1:colcon.colcon_core.package_identification:_identify(src/robot_arm_config) by extension 'ros'
[1.210s] DEBUG:colcon.colcon_core.package_identification:Package 'src/robot_arm_config' with type 'ros.ament_cmake' and name 'robot_arm_config'
[1.210s] Level 1:colcon.colcon_core.package_discovery:discover_packages(recursive) using defaults
[1.211s] Level 1:colcon.colcon_core.package_discovery:discover_packages(ignore) discover
[1.211s] Level 1:colcon.colcon_core.package_discovery:discover_packages(ignore) using defaults
[1.211s] Level 1:colcon.colcon_core.package_discovery:discover_packages(path) discover
[1.211s] Level 1:colcon.colcon_core.package_discovery:discover_packages(path) using defaults
[1.286s] Level 1:colcon.colcon_core.package_discovery:discover_packages(prefix_path) check parameters
[1.286s] Level 1:colcon.colcon_core.package_discovery:discover_packages(prefix_path) discover
[1.303s] DEBUG:colcon.colcon_installed_package_information.package_discovery:Found 406 installed packages in /opt/ros/jazzy
[1.306s] Level 1:colcon.colcon_core.package_discovery:discover_packages(prefix_path) using defaults
[1.399s] Level 5:colcon.colcon_core.verb:set package 'arm1' build argument 'cmake_args' from command line to 'None'
[1.399s] Level 5:colcon.colcon_core.verb:set package 'arm1' build argument 'cmake_target' from command line to 'None'
[1.399s] Level 5:colcon.colcon_core.verb:set package 'arm1' build argument 'cmake_target_skip_unavailable' from command line to 'False'
[1.399s] Level 5:colcon.colcon_core.verb:set package 'arm1' build argument 'cmake_clean_cache' from command line to 'False'
[1.399s] Level 5:colcon.colcon_core.verb:set package 'arm1' build argument 'cmake_clean_first' from command line to 'False'
[1.399s] Level 5:colcon.colcon_core.verb:set package 'arm1' build argument 'cmake_force_configure' from command line to 'False'
[1.399s] Level 5:colcon.colcon_core.verb:set package 'arm1' build argument 'ament_cmake_args' from command line to 'None'
[1.399s] Level 5:colcon.colcon_core.verb:set package 'arm1' build argument 'catkin_cmake_args' from command line to 'None'
[1.399s] Level 5:colcon.colcon_core.verb:set package 'arm1' build argument 'catkin_skip_building_tests' from command line to 'False'
[1.400s] DEBUG:colcon.colcon_core.verb:Building package 'arm1' with the following arguments: {'ament_cmake_args': None, 'build_base': '/home/sx/week04/learnarm_ws/build/arm1', 'catkin_cmake_args': None, 'catkin_skip_building_tests': False, 'cmake_args': None, 'cmake_clean_cache': False, 'cmake_clean_first': False, 'cmake_force_configure': False, 'cmake_target': None, 'cmake_target_skip_unavailable': False, 'install_base': '/home/sx/week04/learnarm_ws/install/arm1', 'merge_install': False, 'path': '/home/sx/week04/learnarm_ws/src/arm1', 'symlink_install': True, 'test_result_base': None}
[1.400s] Level 5:colcon.colcon_core.verb:set package 'motion_api' build argument 'cmake_args' from command line to 'None'
[1.400s] Level 5:colcon.colcon_core.verb:set package 'motion_api' build argument 'cmake_target' from command line to 'None'
[1.400s] Level 5:colcon.colcon_core.verb:set package 'motion_api' build argument 'cmake_target_skip_unavailable' from command line to 'False'
[1.400s] Level 5:colcon.colcon_core.verb:set package 'motion_api' build argument 'cmake_clean_cache' from command line to 'False'
[1.400s] Level 5:colcon.colcon_core.verb:set package 'motion_api' build argument 'cmake_clean_first' from command line to 'False'
[1.400s] Level 5:colcon.colcon_core.verb:set package 'motion_api' build argument 'cmake_force_configure' from command line to 'False'
[1.400s] Level 5:colcon.colcon_core.verb:set package 'motion_api' build argument 'ament_cmake_args' from command line to 'None'
[1.400s] Level 5:colcon.colcon_core.verb:set package 'motion_api' build argument 'catkin_cmake_args' from command line to 'None'
[1.400s] Level 5:colcon.colcon_core.verb:set package 'motion_api' build argument 'catkin_skip_building_tests' from command line to 'False'
[1.400s] DEBUG:colcon.colcon_core.verb:Building package 'motion_api' with the following arguments: {'ament_cmake_args': None, 'build_base': '/home/sx/week04/learnarm_ws/build/motion_api', 'catkin_cmake_args': None, 'catkin_skip_building_tests': False, 'cmake_args': None, 'cmake_clean_cache': False, 'cmake_clean_first': False, 'cmake_force_configure': False, 'cmake_target': None, 'cmake_target_skip_unavailable': False, 'install_base': '/home/sx/week04/learnarm_ws/install/motion_api', 'merge_install': False, 'path': '/home/sx/week04/learnarm_ws/src/motion_api', 'symlink_install': True, 'test_result_base': None}
[1.401s] Level 5:colcon.colcon_core.verb:set package 'robot_arm_config' build argument 'cmake_args' from command line to 'None'
[1.401s] Level 5:colcon.colcon_core.verb:set package 'robot_arm_config' build argument 'cmake_target' from command line to 'None'
[1.401s] Level 5:colcon.colcon_core.verb:set package 'robot_arm_config' build argument 'cmake_target_skip_unavailable' from command line to 'False'
[1.401s] Level 5:colcon.colcon_core.verb:set package 'robot_arm_config' build argument 'cmake_clean_cache' from command line to 'False'
[1.401s] Level 5:colcon.colcon_core.verb:set package 'robot_arm_config' build argument 'cmake_clean_first' from command line to 'False'
[1.401s] Level 5:colcon.colcon_core.verb:set package 'robot_arm_config' build argument 'cmake_force_configure' from command line to 'False'
[1.401s] Level 5:colcon.colcon_core.verb:set package 'robot_arm_config' build argument 'ament_cmake_args' from command line to 'None'
[1.401s] Level 5:colcon.colcon_core.verb:set package 'robot_arm_config' build argument 'catkin_cmake_args' from command line to 'None'
[1.401s] Level 5:colcon.colcon_core.verb:set package 'robot_arm_config' build argument 'catkin_skip_building_tests' from command line to 'False'
[1.401s] DEBUG:colcon.colcon_core.verb:Building package 'robot_arm_config' with the following arguments: {'ament_cmake_args': None, 'build_base': '/home/sx/week04/learnarm_ws/build/robot_arm_config', 'catkin_cmake_args': None, 'catkin_skip_building_tests': False, 'cmake_args': None, 'cmake_clean_cache': False, 'cmake_clean_first': False, 'cmake_force_configure': False, 'cmake_target': None, 'cmake_target_skip_unavailable': False, 'install_base': '/home/sx/week04/learnarm_ws/install/robot_arm_config', 'merge_install': False, 'path': '/home/sx/week04/learnarm_ws/src/robot_arm_config', 'symlink_install': True, 'test_result_base': None}
[1.401s] INFO:colcon.colcon_core.executor:Executing jobs using 'parallel' executor
[1.404s] DEBUG:colcon.colcon_parallel_executor.executor.parallel:run_until_complete
[1.405s] INFO:colcon.colcon_ros.task.ament_python.build:Building ROS package in '/home/sx/week04/learnarm_ws/src/arm1' with build type 'ament_python'
[1.405s] Level 1:colcon.colcon_core.shell:create_environment_hook('arm1', 'ament_prefix_path')
[1.426s] INFO:colcon.colcon_core.plugin_system:Skipping extension 'colcon_core.shell.bat': Not used on non-Windows systems
[1.427s] INFO:colcon.colcon_core.shell:Creating environment hook '/home/sx/week04/learnarm_ws/install/arm1/share/arm1/hook/ament_prefix_path.ps1'
[1.431s] INFO:colcon.colcon_core.shell:Creating environment descriptor '/home/sx/week04/learnarm_ws/install/arm1/share/arm1/hook/ament_prefix_path.dsv'
[1.434s] INFO:colcon.colcon_core.shell:Creating environment hook '/home/sx/week04/learnarm_ws/install/arm1/share/arm1/hook/ament_prefix_path.sh'
[1.438s] INFO:colcon.colcon_core.shell:Skip shell extension 'powershell' for command environment: Not usable outside of PowerShell
[1.438s] DEBUG:colcon.colcon_core.shell:Skip shell extension 'dsv' for command environment
[1.452s] INFO:colcon.colcon_ros.task.ament_python.build:Building ROS package in '/home/sx/week04/learnarm_ws/src/motion_api' with build type 'ament_python'
[1.452s] Level 1:colcon.colcon_core.shell:create_environment_hook('motion_api', 'ament_prefix_path')
[1.453s] INFO:colcon.colcon_core.shell:Creating environment hook '/home/sx/week04/learnarm_ws/install/motion_api/share/motion_api/hook/ament_prefix_path.ps1'
[1.459s] INFO:colcon.colcon_core.shell:Creating environment descriptor '/home/sx/week04/learnarm_ws/install/motion_api/share/motion_api/hook/ament_prefix_path.dsv'
[1.461s] INFO:colcon.colcon_core.shell:Creating environment hook '/home/sx/week04/learnarm_ws/install/motion_api/share/motion_api/hook/ament_prefix_path.sh'
[1.463s] INFO:colcon.colcon_core.shell:Skip shell extension 'powershell' for command environment: Not usable outside of PowerShell
[1.463s] DEBUG:colcon.colcon_core.shell:Skip shell extension 'dsv' for command environment
[1.956s] INFO:colcon.colcon_core.task.python.build:Building Python package in '/home/sx/week04/learnarm_ws/src/arm1'
[1.957s] INFO:colcon.colcon_core.shell:Skip shell extension 'powershell' for command environment: Not usable outside of PowerShell
[1.957s] DEBUG:colcon.colcon_core.shell:Skip shell extension 'dsv' for command environment
[2.383s] INFO:colcon.colcon_core.task.python.build:Building Python package in '/home/sx/week04/learnarm_ws/src/motion_api'
[2.383s] INFO:colcon.colcon_core.shell:Skip shell extension 'powershell' for command environment: Not usable outside of PowerShell
[2.383s] DEBUG:colcon.colcon_core.shell:Skip shell extension 'dsv' for command environment
[4.777s] DEBUG:colcon.colcon_core.event_handler.log_command:Invoking command in '/home/sx/week04/learnarm_ws/build/arm1': DEBUGINFOD_URLS=https://debuginfod.ubuntu.com PYTHONPATH=/home/sx/week04/learnarm_ws/build/arm1/prefix_override:/usr/lib/python3/dist-packages/colcon_core/task/python/colcon_distutils_commands:/home/sx/week04/learnarm_ws/install/arm1/lib/python3.12/site-packages:${PYTHONPATH} /usr/bin/python3 -W ignore:setup.py install is deprecated -W ignore:easy_install command is deprecated setup.py develop --editable --build-directory /home/sx/week04/learnarm_ws/build/arm1/build --no-deps symlink_data
[4.809s] DEBUG:colcon.colcon_core.event_handler.log_command:Invoking command in '/home/sx/week04/learnarm_ws/build/motion_api': DEBUGINFOD_URLS=https://debuginfod.ubuntu.com PYTHONPATH=/home/sx/week04/learnarm_ws/build/motion_api/prefix_override:/usr/lib/python3/dist-packages/colcon_core/task/python/colcon_distutils_commands:/home/sx/week04/learnarm_ws/install/motion_api/lib/python3.12/site-packages:${PYTHONPATH} /usr/bin/python3 -W ignore:setup.py install is deprecated -W ignore:easy_install command is deprecated setup.py develop --editable --build-directory /home/sx/week04/learnarm_ws/build/motion_api/build --no-deps symlink_data
[6.010s] Level 1:colcon.colcon_core.shell:create_environment_hook('motion_api', 'pythonpath_develop')
[6.010s] INFO:colcon.colcon_core.shell:Creating environment hook '/home/sx/week04/learnarm_ws/build/motion_api/share/motion_api/hook/pythonpath_develop.ps1'
[6.012s] DEBUG:colcon.colcon_core.event_handler.log_command:Invoked command in '/home/sx/week04/learnarm_ws/build/motion_api' returned '0': DEBUGINFOD_URLS=https://debuginfod.ubuntu.com PYTHONPATH=/home/sx/week04/learnarm_ws/build/motion_api/prefix_override:/usr/lib/python3/dist-packages/colcon_core/task/python/colcon_distutils_commands:/home/sx/week04/learnarm_ws/install/motion_api/lib/python3.12/site-packages:${PYTHONPATH} /usr/bin/python3 -W ignore:setup.py install is deprecated -W ignore:easy_install command is deprecated setup.py develop --editable --build-directory /home/sx/week04/learnarm_ws/build/motion_api/build --no-deps symlink_data
[6.016s] INFO:colcon.colcon_core.shell:Creating environment descriptor '/home/sx/week04/learnarm_ws/build/motion_api/share/motion_api/hook/pythonpath_develop.dsv'
[6.017s] INFO:colcon.colcon_core.shell:Creating environment hook '/home/sx/week04/learnarm_ws/build/motion_api/share/motion_api/hook/pythonpath_develop.sh'
[6.041s] Level 1:colcon.colcon_core.environment:checking '/home/sx/week04/learnarm_ws/install/motion_api' for CMake module files
[6.043s] Level 1:colcon.colcon_core.environment:checking '/home/sx/week04/learnarm_ws/install/motion_api' for CMake config files
[6.050s] Level 1:colcon.colcon_core.environment:checking '/home/sx/week04/learnarm_ws/install/motion_api/lib'
[6.051s] Level 1:colcon.colcon_core.environment:checking '/home/sx/week04/learnarm_ws/install/motion_api/bin'
[6.051s] Level 1:colcon.colcon_core.environment:checking '/home/sx/week04/learnarm_ws/install/motion_api/lib/pkgconfig/motion_api.pc'
[6.052s] Level 1:colcon.colcon_core.environment:checking '/home/sx/week04/learnarm_ws/install/motion_api/lib/python3.12/site-packages'
[6.052s] Level 1:colcon.colcon_core.shell:create_environment_hook('motion_api', 'pythonpath')
[6.052s] INFO:colcon.colcon_core.shell:Creating environment hook '/home/sx/week04/learnarm_ws/install/motion_api/share/motion_api/hook/pythonpath.ps1'
[6.053s] INFO:colcon.colcon_core.shell:Creating environment descriptor '/home/sx/week04/learnarm_ws/install/motion_api/share/motion_api/hook/pythonpath.dsv'
[6.055s] INFO:colcon.colcon_core.shell:Creating environment hook '/home/sx/week04/learnarm_ws/install/motion_api/share/motion_api/hook/pythonpath.sh'
[6.056s] Level 1:colcon.colcon_core.environment:checking '/home/sx/week04/learnarm_ws/install/motion_api/bin'
[6.056s] Level 1:colcon.colcon_core.environment:create_environment_scripts_only(motion_api)
[6.057s] INFO:colcon.colcon_core.shell:Creating package script '/home/sx/week04/learnarm_ws/install/motion_api/share/motion_api/package.ps1'
[6.060s] INFO:colcon.colcon_core.shell:Creating package descriptor '/home/sx/week04/learnarm_ws/install/motion_api/share/motion_api/package.dsv'
[6.063s] INFO:colcon.colcon_core.shell:Creating package script '/home/sx/week04/learnarm_ws/install/motion_api/share/motion_api/package.sh'
[6.067s] INFO:colcon.colcon_core.shell:Creating package script '/home/sx/week04/learnarm_ws/install/motion_api/share/motion_api/package.bash'
[6.070s] INFO:colcon.colcon_core.shell:Creating package script '/home/sx/week04/learnarm_ws/install/motion_api/share/motion_api/package.zsh'
[6.073s] Level 1:colcon.colcon_core.environment:create_file_with_runtime_dependencies(/home/sx/week04/learnarm_ws/install/motion_api/share/colcon-core/packages/motion_api)
[6.074s] Level 1:colcon.colcon_core.shell:create_environment_hook('arm1', 'pythonpath_develop')
[6.074s] INFO:colcon.colcon_core.shell:Creating environment hook '/home/sx/week04/learnarm_ws/build/arm1/share/arm1/hook/pythonpath_develop.ps1'
[6.078s] DEBUG:colcon.colcon_core.event_handler.log_command:Invoked command in '/home/sx/week04/learnarm_ws/build/arm1' returned '0': DEBUGINFOD_URLS=https://debuginfod.ubuntu.com PYTHONPATH=/home/sx/week04/learnarm_ws/build/arm1/prefix_override:/usr/lib/python3/dist-packages/colcon_core/task/python/colcon_distutils_commands:/home/sx/week04/learnarm_ws/install/arm1/lib/python3.12/site-packages:${PYTHONPATH} /usr/bin/python3 -W ignore:setup.py install is deprecated -W ignore:easy_install command is deprecated setup.py develop --editable --build-directory /home/sx/week04/learnarm_ws/build/arm1/build --no-deps symlink_data
[6.082s] INFO:colcon.colcon_core.shell:Creating environment descriptor '/home/sx/week04/learnarm_ws/build/arm1/share/arm1/hook/pythonpath_develop.dsv'
[6.086s] INFO:colcon.colcon_core.shell:Creating environment hook '/home/sx/week04/learnarm_ws/build/arm1/share/arm1/hook/pythonpath_develop.sh'
[6.087s] Level 1:colcon.colcon_core.environment:checking '/home/sx/week04/learnarm_ws/install/arm1' for CMake module files
[6.089s] Level 1:colcon.colcon_core.environment:checking '/home/sx/week04/learnarm_ws/install/arm1' for CMake config files
[6.093s] Level 1:colcon.colcon_core.environment:checking '/home/sx/week04/learnarm_ws/install/arm1/lib'
[6.093s] Level 1:colcon.colcon_core.environment:checking '/home/sx/week04/learnarm_ws/install/arm1/bin'
[6.093s] Level 1:colcon.colcon_core.environment:checking '/home/sx/week04/learnarm_ws/install/arm1/lib/pkgconfig/arm1.pc'
[6.093s] Level 1:colcon.colcon_core.environment:checking '/home/sx/week04/learnarm_ws/install/arm1/lib/python3.12/site-packages'
[6.094s] Level 1:colcon.colcon_core.shell:create_environment_hook('arm1', 'pythonpath')
[6.094s] INFO:colcon.colcon_core.shell:Creating environment hook '/home/sx/week04/learnarm_ws/install/arm1/share/arm1/hook/pythonpath.ps1'
[6.095s] INFO:colcon.colcon_core.shell:Creating environment descriptor '/home/sx/week04/learnarm_ws/install/arm1/share/arm1/hook/pythonpath.dsv'
[6.095s] INFO:colcon.colcon_core.shell:Creating environment hook '/home/sx/week04/learnarm_ws/install/arm1/share/arm1/hook/pythonpath.sh'
[6.097s] Level 1:colcon.colcon_core.environment:checking '/home/sx/week04/learnarm_ws/install/arm1/bin'
[6.097s] Level 1:colcon.colcon_core.environment:create_environment_scripts_only(arm1)
[6.097s] INFO:colcon.colcon_core.shell:Creating package script '/home/sx/week04/learnarm_ws/install/arm1/share/arm1/package.ps1'
[6.098s] INFO:colcon.colcon_core.shell:Creating package descriptor '/home/sx/week04/learnarm_ws/install/arm1/share/arm1/package.dsv'
[6.100s] INFO:colcon.colcon_core.shell:Creating package script '/home/sx/week04/learnarm_ws/install/arm1/share/arm1/package.sh'
[6.101s] INFO:colcon.colcon_core.shell:Creating package script '/home/sx/week04/learnarm_ws/install/arm1/share/arm1/package.bash'
[6.102s] INFO:colcon.colcon_core.shell:Creating package script '/home/sx/week04/learnarm_ws/install/arm1/share/arm1/package.zsh'
[6.103s] Level 1:colcon.colcon_core.environment:create_file_with_runtime_dependencies(/home/sx/week04/learnarm_ws/install/arm1/share/colcon-core/packages/arm1)
[6.104s] INFO:colcon.colcon_ros.task.ament_cmake.build:Building ROS package in '/home/sx/week04/learnarm_ws/src/robot_arm_config' with build type 'ament_cmake'
[6.104s] INFO:colcon.colcon_cmake.task.cmake.build:Building CMake package in '/home/sx/week04/learnarm_ws/src/robot_arm_config'
[6.105s] INFO:colcon.colcon_core.shell:Skip shell extension 'powershell' for command environment: Not usable outside of PowerShell
[6.105s] DEBUG:colcon.colcon_core.shell:Skip shell extension 'dsv' for command environment
[6.139s] DEBUG:colcon.colcon_core.event_handler.log_command:Invoking command in '/home/sx/week04/learnarm_ws/build/robot_arm_config': AMENT_PREFIX_PATH=/home/sx/week04/learnarm_ws/install/arm1:${AMENT_PREFIX_PATH} CMAKE_PREFIX_PATH=${CMAKE_PREFIX_PATH}:/opt/ros/jazzy DEBUGINFOD_URLS=https://debuginfod.ubuntu.com PYTHONPATH=/home/sx/week04/learnarm_ws/build/arm1:/home/sx/week04/learnarm_ws/install/arm1/lib/python3.12/site-packages:${PYTHONPATH} /usr/bin/cmake --build /home/sx/week04/learnarm_ws/build/robot_arm_config -- -j4 -l4
[6.310s] DEBUG:colcon.colcon_core.event_handler.log_command:Invoked command in '/home/sx/week04/learnarm_ws/build/robot_arm_config' returned '0': AMENT_PREFIX_PATH=/home/sx/week04/learnarm_ws/install/arm1:${AMENT_PREFIX_PATH} CMAKE_PREFIX_PATH=${CMAKE_PREFIX_PATH}:/opt/ros/jazzy DEBUGINFOD_URLS=https://debuginfod.ubuntu.com PYTHONPATH=/home/sx/week04/learnarm_ws/build/arm1:/home/sx/week04/learnarm_ws/install/arm1/lib/python3.12/site-packages:${PYTHONPATH} /usr/bin/cmake --build /home/sx/week04/learnarm_ws/build/robot_arm_config -- -j4 -l4
[6.347s] DEBUG:colcon.colcon_core.event_handler.log_command:Invoking command in '/home/sx/week04/learnarm_ws/build/robot_arm_config': AMENT_PREFIX_PATH=/home/sx/week04/learnarm_ws/install/arm1:${AMENT_PREFIX_PATH} CMAKE_PREFIX_PATH=${CMAKE_PREFIX_PATH}:/opt/ros/jazzy DEBUGINFOD_URLS=https://debuginfod.ubuntu.com PYTHONPATH=/home/sx/week04/learnarm_ws/build/arm1:/home/sx/week04/learnarm_ws/install/arm1/lib/python3.12/site-packages:${PYTHONPATH} /usr/bin/cmake --install /home/sx/week04/learnarm_ws/build/robot_arm_config
[6.501s] Level 1:colcon.colcon_core.environment:create_environment_scripts_only(robot_arm_config)
[6.502s] Level 1:colcon.colcon_core.environment:checking '/home/sx/week04/learnarm_ws/install/robot_arm_config' for CMake module files
[6.503s] DEBUG:colcon.colcon_core.event_handler.log_command:Invoked command in '/home/sx/week04/learnarm_ws/build/robot_arm_config' returned '0': AMENT_PREFIX_PATH=/home/sx/week04/learnarm_ws/install/arm1:${AMENT_PREFIX_PATH} CMAKE_PREFIX_PATH=${CMAKE_PREFIX_PATH}:/opt/ros/jazzy DEBUGINFOD_URLS=https://debuginfod.ubuntu.com PYTHONPATH=/home/sx/week04/learnarm_ws/build/arm1:/home/sx/week04/learnarm_ws/install/arm1/lib/python3.12/site-packages:${PYTHONPATH} /usr/bin/cmake --install /home/sx/week04/learnarm_ws/build/robot_arm_config
[6.505s] Level 1:colcon.colcon_core.environment:checking '/home/sx/week04/learnarm_ws/install/robot_arm_config' for CMake config files
[6.508s] Level 1:colcon.colcon_core.shell:create_environment_hook('robot_arm_config', 'cmake_prefix_path')
[6.509s] INFO:colcon.colcon_core.shell:Creating environment hook '/home/sx/week04/learnarm_ws/install/robot_arm_config/share/robot_arm_config/hook/cmake_prefix_path.ps1'
[6.512s] INFO:colcon.colcon_core.shell:Creating environment descriptor '/home/sx/week04/learnarm_ws/install/robot_arm_config/share/robot_arm_config/hook/cmake_prefix_path.dsv'
[6.513s] INFO:colcon.colcon_core.shell:Creating environment hook '/home/sx/week04/learnarm_ws/install/robot_arm_config/share/robot_arm_config/hook/cmake_prefix_path.sh'
[6.514s] Level 1:colcon.colcon_core.environment:checking '/home/sx/week04/learnarm_ws/install/robot_arm_config/bin'
[6.514s] Level 1:colcon.colcon_core.environment:checking '/home/sx/week04/learnarm_ws/install/robot_arm_config/lib/pkgconfig/robot_arm_config.pc'
[6.515s] Level 1:colcon.colcon_core.environment:checking '/home/sx/week04/learnarm_ws/install/robot_arm_config/lib/python3.12/site-packages'
[6.516s] Level 1:colcon.colcon_core.environment:checking '/home/sx/week04/learnarm_ws/install/robot_arm_config/bin'
[6.516s] INFO:colcon.colcon_core.shell:Creating package script '/home/sx/week04/learnarm_ws/install/robot_arm_config/share/robot_arm_config/package.ps1'
[6.517s] INFO:colcon.colcon_core.shell:Creating package descriptor '/home/sx/week04/learnarm_ws/install/robot_arm_config/share/robot_arm_config/package.dsv'
[6.518s] INFO:colcon.colcon_core.shell:Creating package script '/home/sx/week04/learnarm_ws/install/robot_arm_config/share/robot_arm_config/package.sh'
[6.519s] INFO:colcon.colcon_core.shell:Creating package script '/home/sx/week04/learnarm_ws/install/robot_arm_config/share/robot_arm_config/package.bash'
[6.520s] INFO:colcon.colcon_core.shell:Creating package script '/home/sx/week04/learnarm_ws/install/robot_arm_config/share/robot_arm_config/package.zsh'
[6.521s] Level 1:colcon.colcon_core.environment:create_file_with_runtime_dependencies(/home/sx/week04/learnarm_ws/install/robot_arm_config/share/colcon-core/packages/robot_arm_config)
[6.523s] Level 1:colcon.colcon_core.environment:create_environment_scripts_only(robot_arm_config)
[6.523s] Level 1:colcon.colcon_core.environment:checking '/home/sx/week04/learnarm_ws/install/robot_arm_config' for CMake module files
[6.524s] Level 1:colcon.colcon_core.environment:checking '/home/sx/week04/learnarm_ws/install/robot_arm_config' for CMake config files
[6.525s] Level 1:colcon.colcon_core.shell:create_environment_hook('robot_arm_config', 'cmake_prefix_path')
[6.525s] INFO:colcon.colcon_core.shell:Creating environment hook '/home/sx/week04/learnarm_ws/install/robot_arm_config/share/robot_arm_config/hook/cmake_prefix_path.ps1'
[6.526s] INFO:colcon.colcon_core.shell:Creating environment descriptor '/home/sx/week04/learnarm_ws/install/robot_arm_config/share/robot_arm_config/hook/cmake_prefix_path.dsv'
[6.527s] INFO:colcon.colcon_core.shell:Creating environment hook '/home/sx/week04/learnarm_ws/install/robot_arm_config/share/robot_arm_config/hook/cmake_prefix_path.sh'
[6.528s] Level 1:colcon.colcon_core.environment:checking '/home/sx/week04/learnarm_ws/install/robot_arm_config/bin'
[6.528s] Level 1:colcon.colcon_core.environment:checking '/home/sx/week04/learnarm_ws/install/robot_arm_config/lib/pkgconfig/robot_arm_config.pc'
[6.529s] Level 1:colcon.colcon_core.environment:checking '/home/sx/week04/learnarm_ws/install/robot_arm_config/lib/python3.12/site-packages'
[6.530s] Level 1:colcon.colcon_core.environment:checking '/home/sx/week04/learnarm_ws/install/robot_arm_config/bin'
[6.530s] INFO:colcon.colcon_core.shell:Creating package script '/home/sx/week04/learnarm_ws/install/robot_arm_config/share/robot_arm_config/package.ps1'
[6.531s] INFO:colcon.colcon_core.shell:Creating package descriptor '/home/sx/week04/learnarm_ws/install/robot_arm_config/share/robot_arm_config/package.dsv'
[6.532s] INFO:colcon.colcon_core.shell:Creating package script '/home/sx/week04/learnarm_ws/install/robot_arm_config/share/robot_arm_config/package.sh'
[6.533s] INFO:colcon.colcon_core.shell:Creating package script '/home/sx/week04/learnarm_ws/install/robot_arm_config/share/robot_arm_config/package.bash'
[6.534s] INFO:colcon.colcon_core.shell:Creating package script '/home/sx/week04/learnarm_ws/install/robot_arm_config/share/robot_arm_config/package.zsh'
[6.535s] Level 1:colcon.colcon_core.environment:create_file_with_runtime_dependencies(/home/sx/week04/learnarm_ws/install/robot_arm_config/share/colcon-core/packages/robot_arm_config)
[6.535s] DEBUG:colcon.colcon_parallel_executor.executor.parallel:closing loop
[6.536s] DEBUG:colcon.colcon_parallel_executor.executor.parallel:loop closed
[6.538s] DEBUG:colcon.colcon_parallel_executor.executor.parallel:run_until_complete finished with '0'
[6.539s] DEBUG:colcon.colcon_core.event_reactor:joining thread
[6.576s] INFO:colcon.colcon_core.plugin_system:Skipping extension 'colcon_notification.desktop_notification.terminal_notifier': Not used on non-Darwin systems
[6.576s] INFO:colcon.colcon_core.plugin_system:Skipping extension 'colcon_notification.desktop_notification.win32': Not used on non-Windows systems
[6.576s] INFO:colcon.colcon_notification.desktop_notification:Sending desktop notification using 'notify2'
[6.637s] DEBUG:colcon.colcon_core.event_reactor:joined thread
[6.637s] INFO:colcon.colcon_core.shell:Creating prefix script '/home/sx/week04/learnarm_ws/install/local_setup.ps1'
[6.641s] INFO:colcon.colcon_core.shell:Creating prefix util module '/home/sx/week04/learnarm_ws/install/_local_setup_util_ps1.py'
[6.645s] INFO:colcon.colcon_core.shell:Creating prefix chain script '/home/sx/week04/learnarm_ws/install/setup.ps1'
[6.649s] INFO:colcon.colcon_core.shell:Creating prefix script '/home/sx/week04/learnarm_ws/install/local_setup.sh'
[6.653s] INFO:colcon.colcon_core.shell:Creating prefix util module '/home/sx/week04/learnarm_ws/install/_local_setup_util_sh.py'
[6.654s] INFO:colcon.colcon_core.shell:Creating prefix chain script '/home/sx/week04/learnarm_ws/install/setup.sh'
[6.657s] INFO:colcon.colcon_core.shell:Creating prefix script '/home/sx/week04/learnarm_ws/install/local_setup.bash'
[6.660s] INFO:colcon.colcon_core.shell:Creating prefix chain script '/home/sx/week04/learnarm_ws/install/setup.bash'
[6.663s] INFO:colcon.colcon_core.shell:Creating prefix script '/home/sx/week04/learnarm_ws/install/local_setup.zsh'
[6.666s] INFO:colcon.colcon_core.shell:Creating prefix chain script '/home/sx/week04/learnarm_ws/install/setup.zsh'
